2024-10-19 22:36:40 - SUCCESS - Config loaded from c:\Users\levyv\Desktop\projs\duckdb_s3\config.ini
2024-10-19 22:36:40 - SUCCESS - S3 client initialized
2024-10-19 22:36:40 - SUCCESS - Config loaded from c:\Users\levyv\Desktop\projs\duckdb_s3\config.ini
2024-10-19 22:36:40 - INFO - Ingesting data for 2024-10-19-23
2024-10-19 22:36:40 - INFO - Downloading data from https://data.gharchive.org/2024-10-19-23.json.gz
2024-10-19 22:36:44 - SUCCESS - Downloaded data from https://data.gharchive.org/2024-10-19-23.json.gz
2024-10-19 22:36:44 - INFO - Uploading data to S3: gharchive/events/2024-10-19/23/2024-10-19-23.json.gz
2024-10-19 22:37:04 - SUCCESS - Uploaded data to S3: gharchive/events/2024-10-19/23/2024-10-19-23.json.gz
2024-10-19 22:37:39 - SUCCESS - Config loaded from c:\Users\levyv\Desktop\projs\duckdb_s3\config.ini
2024-10-19 22:37:39 - SUCCESS - S3 client initialized
2024-10-19 22:37:39 - SUCCESS - Config loaded from c:\Users\levyv\Desktop\projs\duckdb_s3\config.ini
2024-10-19 22:37:39 - INFO - Ingesting data for 2024-10-19-23
2024-10-19 22:37:39 - INFO - Downloading data from https://data.gharchive.org/2024-10-19-23.json.gz
2024-10-19 22:37:43 - SUCCESS - Downloaded data from https://data.gharchive.org/2024-10-19-23.json.gz
2024-10-19 22:37:43 - INFO - Uploading data to S3: gharchive/events/2024-10-19/23/2024-10-19-23.json.gz
2024-10-19 22:38:03 - SUCCESS - Uploaded data to S3: gharchive/events/2024-10-19/23/2024-10-19-23.json.gz
2024-10-19 23:03:05 - SUCCESS - Config loaded from c:\Users\levyv\Desktop\projs\duckdb_s3\config.ini
2024-10-19 23:03:05 - SUCCESS - S3 client initialized
2024-10-19 23:03:05 - SUCCESS - Config loaded from c:\Users\levyv\Desktop\projs\duckdb_s3\config.ini
2024-10-19 23:03:05 - INFO - Ingesting data for 2024-10-20-00
2024-10-19 23:03:05 - INFO - Downloading data from https://data.gharchive.org/2024-10-20-00.json.gz
2024-10-19 23:04:21 - SUCCESS - Config loaded from c:\Users\levyv\Desktop\projs\duckdb_s3\config.ini
2024-10-19 23:04:21 - SUCCESS - S3 client initialized
2024-10-19 23:04:21 - SUCCESS - Config loaded from c:\Users\levyv\Desktop\projs\duckdb_s3\config.ini
2024-10-19 23:04:21 - INFO - Ingesting data for 2024-10-19-23
2024-10-19 23:04:21 - INFO - Downloading data from https://data.gharchive.org/2024-10-19-23.json.gz
2024-10-19 23:04:26 - SUCCESS - Downloaded data from https://data.gharchive.org/2024-10-19-23.json.gz
2024-10-19 23:04:26 - INFO - Uploading data to S3: gharchive/events/2024-10-19/23/2024-10-19-23.json.gz
2024-10-19 23:04:46 - SUCCESS - Uploaded data to S3: gharchive/events/2024-10-19/23/2024-10-19-23.json.gz
